info it worked if it ends with ok
verbose cli [ 'node', '/usr/bin/npm', 'install', 'socket.io' ]
info using npm@1.0.6
info using node@v0.4.8
verbose config file /Users/jmcouillard/.npmrc
verbose config file /usr/etc/npmrc
verbose into /Users/jmcouillard/Productions/Google Hackethon/repo [ 'socket.io' ]
verbose cache add [ 'socket.io', null ]
info addNamed [ 'socket.io', '' ]
verbose addNamed [ null, '' ]
verbose GET socket.io
verbose raw, before any munging socket.io
verbose url resolving [ 'http://registry.npmjs.org/', './socket.io' ]
verbose url resolved http://registry.npmjs.org/socket.io
verbose url parsed { protocol: 'http:',
verbose url parsed   slashes: true,
verbose url parsed   host: 'registry.npmjs.org',
verbose url parsed   hostname: 'registry.npmjs.org',
verbose url parsed   href: 'http://registry.npmjs.org/socket.io',
verbose url parsed   pathname: '/socket.io' }
verbose response http://registry.npmjs.org/socket.io
silly chunk <html>
silly chunk <head>
silly chunk <title>Redirect to login page</title>
silly chunk <meta HTTP-EQUIV='Pragma' CONTENT='no-cache'>
silly chunk <style>
silly chunk body {
silly chunk   margin: 10px 60px 0 60px; 
silly chunk   font-family : bitstream vera sans, sans-serif;
silly chunk   color: #46a43a;
silly chunk }
silly chunk a {
silly chunk   color: #46a43a;
silly chunk }
silly chunk a:active {
silly chunk   color: #46a43a;
silly chunk }
silly chunk a:link {
silly chunk   color: #46a43a;
silly chunk }
silly chunk a:visited {
silly chunk   color: #46a43a;
silly chunk }
silly chunk #header {
silly chunk   height: 30px;
silly chunk   background-color: #B4F663;
silly chunk   padding: 20px;
silly chunk   font-size: 20pt;
silly chunk   text-align: center;
silly chunk   border: 2px solid #46a43a;
silly chunk   border-bottom: 0;
silly chunk }
silly chunk #header h2 {
silly chunk   margin: 0pt;
silly chunk }
silly chunk #menu {
silly chunk   width: 200px;
silly chunk   float: right;
silly chunk   background-color: #B4F663;
silly chunk   border: 2px solid #46a43a;
silly chunk   font-size: 80%;
silly chunk   min-height: 300px;
silly chunk }
silly chunk #menu h2 {
silly chunk   margin: 0;
silly chunk   background-color: #46a43a;
silly chunk   text-align: center;
silly chunk   color: #B4F663;
silly chunk }
silly chunk #copyright {
silly chunk }
silly chunk #content {
silly chunk   padding: 20px;
silly chunk   border: 2px solid #46a43a;
silly chunk   min-height: 300px;
silly chunk }
silly chunk </style>
silly chunk </head>
silly chunk <body
silly chunk <div id="header">
silly chunk     <h2>Redirect to login page</h2>
silly chunk </div>
silly chunk <div id="menu">
silly chunk     <h2>Info</h2>
silly chunk     <ul>
silly chunk     <li>Version: 20090925
silly chunk     <li>Node ID: 00156D4CABF2
silly chunk     </ul>
silly chunk     <br>
silly chunk     <h2>Menu</h2>
silly chunk     <ul>
silly chunk     <li><a href='/wifidog/status'>WiFiDog Status</a>
silly chunk   
silly chunk   <li><a href='/wifidog/about'>About WiFiDog</a>
silly chunk     <li><a href='http://www.wifidog.org'>WiFiDog's homepage</a>
silly chunk     </ul>
silly chunk </div>
silly chunk <div id="content">
silly chunk <h2>Please <a href='https://auth.ilesansfil.org:443/login/?gw_address=10.0.125.1&gw_port=2060&gw_id=00156D4CABF2&url=http%3A//registry.npmjs.org/socket.io'>click here</a>.</h2>
silly chunk </div>
silly chunk <div id="copyright">
silly chunk Copyright (C) 2004-2005.  This software is released under the GNU GPL license.
silly chunk </div>
silly chunk </body>
silly chunk </html>
silly chunk 
verbose bad json <html>
verbose bad json <head>
verbose bad json <title>Redirect to login page</title>
verbose bad json <meta HTTP-EQUIV='Pragma' CONTENT='no-cache'>
verbose bad json <style>
verbose bad json body {
verbose bad json   margin: 10px 60px 0 60px; 
verbose bad json   font-family : bitstream vera sans, sans-serif;
verbose bad json   color: #46a43a;
verbose bad json }
verbose bad json a {
verbose bad json   color: #46a43a;
verbose bad json }
verbose bad json a:active {
verbose bad json   color: #46a43a;
verbose bad json }
verbose bad json a:link {
verbose bad json   color: #46a43a;
verbose bad json }
verbose bad json a:visited {
verbose bad json   color: #46a43a;
verbose bad json }
verbose bad json #header {
verbose bad json   height: 30px;
verbose bad json   background-color: #B4F663;
verbose bad json   padding: 20px;
verbose bad json   font-size: 20pt;
verbose bad json   text-align: center;
verbose bad json   border: 2px solid #46a43a;
verbose bad json   border-bottom: 0;
verbose bad json }
verbose bad json #header h2 {
verbose bad json   margin: 0pt;
verbose bad json }
verbose bad json #menu {
verbose bad json   width: 200px;
verbose bad json   float: right;
verbose bad json   background-color: #B4F663;
verbose bad json   border: 2px solid #46a43a;
verbose bad json   font-size: 80%;
verbose bad json   min-height: 300px;
verbose bad json }
verbose bad json #menu h2 {
verbose bad json   margin: 0;
verbose bad json   background-color: #46a43a;
verbose bad json   text-align: center;
verbose bad json   color: #B4F663;
verbose bad json }
verbose bad json #copyright {
verbose bad json }
verbose bad json #content {
verbose bad json   padding: 20px;
verbose bad json   border: 2px solid #46a43a;
verbose bad json   min-height: 300px;
verbose bad json }
verbose bad json </style>
verbose bad json </head>
verbose bad json <body
verbose bad json <div id="header">
verbose bad json     <h2>Redirect to login page</h2>
verbose bad json </div>
verbose bad json <div id="menu">
verbose bad json     <h2>Info</h2>
verbose bad json     <ul>
verbose bad json     <li>Version: 20090925
verbose bad json     <li>Node ID: 00156D4CABF2
verbose bad json     </ul>
verbose bad json     <br>
verbose bad json     <h2>Menu</h2>
verbose bad json     <ul>
verbose bad json     <li><a href='/wifidog/status'>WiFiDog Status</a>
verbose bad json     <li><a href='/wifidog/about'>About WiFiDog</a>
verbose bad json     <li><a href='http://www.wifidog.org'>WiFiDog's homepage</a>
verbose bad json     </ul>
verbose bad json </div>
verbose bad json <div id="content">
verbose bad json <h2>Please <a href='https://auth.ilesansfil.org:443/login/?gw_address=10.0.125.1&gw_port=2060&gw_id=00156D4CABF2&url=http%3A//registry.npmjs.org/socket.io'>click here</a>.</h2>
verbose bad json </div>
verbose bad json <div id="copyright">
verbose bad json Copyright (C) 2004-2005.  This software is released under the GNU GPL license.
verbose bad json </div>
verbose bad json </body>
verbose bad json </html>
verbose bad json 
ERR! registry error parsing json
silly get cb [ 307,
silly get cb   { server: 'Hughes Technologies Embedded Server',
silly get cb     location: 'https://auth.ilesansfil.org:443/login/?gw_address=10.0.125.1&gw_port=2060&gw_id=00156D4CABF2&url=http%3A//registry.npmjs.org/socket.io',
silly get cb     date: 'Wed, 26 Oct 2011 20:29:56 GMT',
silly get cb     connection: 'close',
silly get cb     'content-type': 'text/html' } ]
ERR! SyntaxError: Unexpected token ILLEGAL
ERR! <html>
ERR! <head>
ERR! <title>Redirect to login page</title>
ERR! <meta HTTP-EQUIV='Pragma' CONTENT='no-cache'>
ERR! <style>
ERR! body {
ERR!   margin: 10px 60px 0 60px; 
ERR!   font-family : bitstream vera sans, sans-serif;
ERR!   color: #46a43a;
ERR! }
ERR! a {
ERR!   color: #46a43a;
ERR! }
ERR! a:active {
ERR!   color: #46a43a;
ERR! }
ERR! a:link {
ERR!   color: #46a43a;
ERR! }
ERR! a:visited {
ERR!   color: #46a43a;
ERR! }
ERR! #header {
ERR!   height: 30px;
ERR!   background-color: #B4F663;
ERR!   padding: 20px;
ERR!   font-size: 20pt;
ERR!   text-align: center;
ERR!   border: 2px solid #46a43a;
ERR!   border-bottom: 0;
ERR! }
ERR! #header h2 {
ERR!   margin: 0pt;
ERR! }
ERR! #menu {
ERR!   width: 200px;
ERR!   float: right;
ERR!   background-color: #B4F663;
ERR!   border: 2px solid #46a43a;
ERR!   font-size: 80%;
ERR!   min-height: 300px;
ERR! }
ERR! #menu h2 {
ERR!   margin: 0;
ERR!   background-color: #46a43a;
ERR!   text-align: center;
ERR!   color: #B4F663;
ERR! }
ERR! #copyright {
ERR! }
ERR! #content {
ERR!   padding: 20px;
ERR!   border: 2px solid #46a43a;
ERR!   min-height: 300px;
ERR! }
ERR! </style>
ERR! </head>
ERR! <body
ERR! <div id="header">
ERR!     <h2>Redirect to login page</h2>
ERR! </div>
ERR! <div id="menu">
ERR!     <h2>Info</h2>
ERR!     <ul>
ERR!     <li>Version: 20090925
ERR!     <li>Node ID: 00156D4CABF2
ERR!     </ul>
ERR!     <br>
ERR!     <h2>Menu</h2>
ERR!     <ul>
ERR!     <li><a href='/wifidog/status'>WiFiDog Status</a>
ERR!     <li><a href='/wifidog/about'>About WiFiDog</a>
ERR!     <li><a href='http://www.wifidog.org'>WiFiDog's homepage</a>
ERR!     </ul>
ERR! </div>
ERR! <div id="content">
ERR! <h2>Please <a href='https://auth.ilesansfil.org:443/login/?gw_address=10.0.125.1&gw_port=2060&gw_id=00156D4CABF2&url=http%3A//registry.npmjs.org/socket.io'>click here</a>.</h2>
ERR! </div>
ERR! <div id="copyright">
ERR! Copyright (C) 2004-2005.  This software is released under the GNU GPL license.
ERR! </div>
ERR! </body>
ERR! </html>
ERR!     at Object.parse (native)
ERR!     at IncomingMessage.<anonymous> (/usr/lib/node_modules/npm/lib/utils/npm-registry-client/request.js:157:25)
ERR!     at IncomingMessage.emit (events.js:81:20)
ERR!     at HTTPParser.onMessageComplete (http.js:133:23)
ERR!     at Socket.onend (http.js:1264:12)
ERR!     at Socket._onReadable (net.js:659:26)
ERR!     at IOWatcher.onReadable (net.js:177:10)
ERR! Report this *entire* log at:
ERR!     <http://github.com/isaacs/npm/issues>
ERR! or email it to:
ERR!     <npm-@googlegroups.com>
ERR! 
ERR! System Darwin 10.8.0
ERR! command "node" "/usr/bin/npm" "install" "socket.io"
verbose exit [ 1, true ]
